2023-02-26 17:15:56 DEBUG AppContextListener:57 - Log4j has been initialized
2023-02-26 17:15:56 TRACE AppContextListener:62 - Log4J initialization finished
2023-02-26 17:15:57 TRACE AppContextListener:45 - Servlet appContext initialization finished
2023-02-26 17:15:57 TRACE ContextListener:20 - Servlet context initialization starts
2023-02-26 17:15:57 TRACE ContextListener:35 - Log4J initialization started
2023-02-26 17:15:57 DEBUG ContextListener:38 - Log4j has been initialized
2023-02-26 17:15:57 TRACE ContextListener:43 - Log4J initialization finished
2023-02-26 17:15:57 TRACE ContextListener:26 - Servlet context initialization finished
2023-02-26 17:15:58 INFO  EncodingFilter:35 - Filter initialization starts
2023-02-26 17:15:58 INFO  EncodingFilter:41 - Filter initialization finished
2023-02-26 17:15:58 DEBUG CommandAccessFilter:82 - Filter initialization starts
2023-02-26 17:15:58 TRACE CommandAccessFilter:87 - Access map --> {ROLE_USER=[create-WalletCommand, prepareTransferCommand, sendTransferCommand, cancelTransferCommand, goUser-WalletsCommand, goWallet-DetailsCommand, goUser-Create-WalletCommand, goUser-Prepare-TransferCommand, goUser-Send-TransferCommand], ROLE_ADMIN=[unblockUserCommand, blockUserCommand, unblockWalletCommand, goWallet-DetailsCommand, goAdmin-User-DetailsCommand, goAdmin-UsersCommand]}
2023-02-26 17:15:58 TRACE CommandAccessFilter:91 - Common commands --> [blockWalletCommand, sortTransfersCommand, sortWalletsCommand]
2023-02-26 17:15:58 TRACE CommandAccessFilter:95 - Out of control commands --> [languageCommand, loginCommand, registerCommand, logoutCommand, goRegisterCommand, goLoginCommand]
2023-02-26 17:15:58 DEBUG CommandAccessFilter:97 - Filter initialization finished
2023-02-26 17:15:58 INFO  EncodingFilter:24 - Filter starts
2023-02-26 17:15:58 INFO  EncodingFilter:30 - Filter finished
2023-02-26 17:15:58 TRACE Controller:51 - *****************GET*****************
2023-02-26 17:15:58 DEBUG Controller:57 - Controller starts
2023-02-26 17:15:58 TRACE Controller:60 - Request parameter: command --> goLoginCommand
2023-02-26 17:15:58 DEBUG CommandFactory:60 - Command factory was successfully initialized
2023-02-26 17:15:58 TRACE CommandFactory:61 - Number of commands --> 25
2023-02-26 17:15:58 TRACE Controller:63 - Obtained command --> GoLoginCommand
2023-02-26 17:15:58 TRACE GoLoginCommand:20 - Start tracing GetCommand
2023-02-26 17:15:58 TRACE Controller:30 - Forward address --> WEB-INF/jsp/login.jsp
2023-02-26 17:15:58 DEBUG Controller:31 - Controller finished, now navigation to forward address --> WEB-INF/jsp/login.jsp
2023-02-26 17:16:06 INFO  EncodingFilter:24 - Filter starts
2023-02-26 17:16:06 INFO  EncodingFilter:30 - Filter finished
2023-02-26 17:16:06 TRACE Controller:51 - *****************GET*****************
2023-02-26 17:16:06 DEBUG Controller:57 - Controller starts
2023-02-26 17:16:06 TRACE Controller:60 - Request parameter: command --> goLoginCommand
2023-02-26 17:16:06 TRACE Controller:63 - Obtained command --> GoLoginCommand
2023-02-26 17:16:06 TRACE GoLoginCommand:20 - Start tracing GetCommand
2023-02-26 17:16:06 TRACE Controller:30 - Forward address --> WEB-INF/jsp/login.jsp
2023-02-26 17:16:06 DEBUG Controller:31 - Controller finished, now navigation to forward address --> WEB-INF/jsp/login.jsp
2023-02-26 17:17:08 TRACE EncodingFilter:18 - =========================================================================
2023-02-26 17:17:08 INFO  EncodingFilter:19 - Filter destruction starts
2023-02-26 17:17:08 INFO  EncodingFilter:20 - Filter destruction finished
2023-02-26 17:17:08 DEBUG CommandAccessFilter:24 - Filter destruction starts
2023-02-26 17:17:08 DEBUG CommandAccessFilter:26 - Filter destruction finished
2023-02-26 17:17:08 TRACE ContextListener:30 - Servlet context destruction starts
2023-02-26 17:17:08 TRACE ContextListener:31 - Servlet context destruction finished
2023-02-26 17:17:08 TRACE AppContextListener:49 - Servlet appContext destruction starts
2023-02-26 17:17:08 TRACE AppContextListener:50 - Servlet appContext destruction finished
2023-02-26 17:17:42 DEBUG AppContextListener:57 - Log4j has been initialized
2023-02-26 17:17:42 TRACE AppContextListener:62 - Log4J initialization finished
2023-02-26 17:17:42 ERROR AppContextListener:36 - Failed to initialize program components. Root cause: 
com.epam.payments.appcontext.exeption.creation.AppContextCreationException: Error creating app context: Error in DatabaseConfig: Error creating database configuration: Unsupported database type: mysqlL
	at com.epam.payments.appcontext.AppContextManager.createAppContext(AppContextManager.java:47)
	at com.epam.payments.appcontext.AppContextManager.getAppContext(AppContextManager.java:22)
	at com.epam.payments.appcontext.AppContextListener.contextInitialized(AppContextListener.java:31)
	at org.apache.catalina.core.StandardContext.listenerStart(StandardContext.java:4764)
	at org.apache.catalina.core.StandardContext.startInternal(StandardContext.java:5222)
	at org.apache.catalina.util.LifecycleBase.start(LifecycleBase.java:183)
	at org.apache.catalina.core.ContainerBase.addChildInternal(ContainerBase.java:726)
	at org.apache.catalina.core.ContainerBase.addChild(ContainerBase.java:698)
	at org.apache.catalina.core.StandardHost.addChild(StandardHost.java:696)
	at org.apache.catalina.startup.HostConfig.manageApp(HostConfig.java:1782)
	at java.base/jdk.internal.reflect.NativeMethodAccessorImpl.invoke0(Native Method)
	at java.base/jdk.internal.reflect.NativeMethodAccessorImpl.invoke(NativeMethodAccessorImpl.java:62)
	at java.base/jdk.internal.reflect.DelegatingMethodAccessorImpl.invoke(DelegatingMethodAccessorImpl.java:43)
	at java.base/java.lang.reflect.Method.invoke(Method.java:566)
	at org.apache.tomcat.util.modeler.BaseModelMBean.invoke(BaseModelMBean.java:293)
	at java.management/com.sun.jmx.interceptor.DefaultMBeanServerInterceptor.invoke(DefaultMBeanServerInterceptor.java:809)
	at java.management/com.sun.jmx.mbeanserver.JmxMBeanServer.invoke(JmxMBeanServer.java:801)
	at org.apache.catalina.mbeans.MBeanFactory.createStandardContext(MBeanFactory.java:460)
	at org.apache.catalina.mbeans.MBeanFactory.createStandardContext(MBeanFactory.java:408)
	at java.base/jdk.internal.reflect.NativeMethodAccessorImpl.invoke0(Native Method)
	at java.base/jdk.internal.reflect.NativeMethodAccessorImpl.invoke(NativeMethodAccessorImpl.java:62)
	at java.base/jdk.internal.reflect.DelegatingMethodAccessorImpl.invoke(DelegatingMethodAccessorImpl.java:43)
	at java.base/java.lang.reflect.Method.invoke(Method.java:566)
	at org.apache.tomcat.util.modeler.BaseModelMBean.invoke(BaseModelMBean.java:293)
	at java.management/com.sun.jmx.interceptor.DefaultMBeanServerInterceptor.invoke(DefaultMBeanServerInterceptor.java:809)
	at java.management/com.sun.jmx.mbeanserver.JmxMBeanServer.invoke(JmxMBeanServer.java:801)
	at java.management/com.sun.jmx.remote.security.MBeanServerAccessController.invoke(MBeanServerAccessController.java:468)
	at java.management.rmi/javax.management.remote.rmi.RMIConnectionImpl.doOperation(RMIConnectionImpl.java:1466)
	at java.management.rmi/javax.management.remote.rmi.RMIConnectionImpl$PrivilegedOperation.run(RMIConnectionImpl.java:1307)
	at java.base/java.security.AccessController.doPrivileged(Native Method)
	at java.management.rmi/javax.management.remote.rmi.RMIConnectionImpl.doPrivilegedOperation(RMIConnectionImpl.java:1406)
	at java.management.rmi/javax.management.remote.rmi.RMIConnectionImpl.invoke(RMIConnectionImpl.java:827)
	at java.base/jdk.internal.reflect.NativeMethodAccessorImpl.invoke0(Native Method)
	at java.base/jdk.internal.reflect.NativeMethodAccessorImpl.invoke(NativeMethodAccessorImpl.java:62)
	at java.base/jdk.internal.reflect.DelegatingMethodAccessorImpl.invoke(DelegatingMethodAccessorImpl.java:43)
	at java.base/java.lang.reflect.Method.invoke(Method.java:566)
	at java.rmi/sun.rmi.server.UnicastServerRef.dispatch(UnicastServerRef.java:359)
	at java.rmi/sun.rmi.transport.Transport$1.run(Transport.java:200)
	at java.rmi/sun.rmi.transport.Transport$1.run(Transport.java:197)
	at java.base/java.security.AccessController.doPrivileged(Native Method)
	at java.rmi/sun.rmi.transport.Transport.serviceCall(Transport.java:196)
	at java.rmi/sun.rmi.transport.tcp.TCPTransport.handleMessages(TCPTransport.java:562)
	at java.rmi/sun.rmi.transport.tcp.TCPTransport$ConnectionHandler.run0(TCPTransport.java:796)
	at java.rmi/sun.rmi.transport.tcp.TCPTransport$ConnectionHandler.lambda$run$0(TCPTransport.java:677)
	at java.base/java.security.AccessController.doPrivileged(Native Method)
	at java.rmi/sun.rmi.transport.tcp.TCPTransport$ConnectionHandler.run(TCPTransport.java:676)
	at java.base/java.util.concurrent.ThreadPoolExecutor.runWorker(ThreadPoolExecutor.java:1128)
	at java.base/java.util.concurrent.ThreadPoolExecutor$Worker.run(ThreadPoolExecutor.java:628)
	at java.base/java.lang.Thread.run(Thread.java:829)
Caused by: com.epam.payments.core.database.config.exeption.creation.concrete.UnsupportedDatabaseTypeException: Error in DatabaseConfig: Error creating database configuration: Unsupported database type: mysqlL
	at com.epam.payments.core.database.config.DatabaseConfig.<init>(DatabaseConfig.java:45)
	at com.epam.payments.appcontext.AppContextManager.createAppContext(AppContextManager.java:33)
	... 48 more
2023-02-26 17:17:42 TRACE ContextListener:20 - Servlet context initialization starts
2023-02-26 17:17:42 TRACE ContextListener:35 - Log4J initialization started
2023-02-26 17:17:42 DEBUG ContextListener:38 - Log4j has been initialized
2023-02-26 17:17:42 TRACE ContextListener:43 - Log4J initialization finished
2023-02-26 17:17:42 TRACE ContextListener:26 - Servlet context initialization finished
2023-02-26 17:17:43 TRACE ContextListener:30 - Servlet context destruction starts
2023-02-26 17:17:43 TRACE ContextListener:31 - Servlet context destruction finished
2023-02-26 17:17:43 TRACE AppContextListener:49 - Servlet appContext destruction starts
2023-02-26 17:17:43 TRACE AppContextListener:50 - Servlet appContext destruction finished
2023-02-26 17:23:12 DEBUG AppContextListener:57 - Log4j has been initialized
2023-02-26 17:23:12 TRACE AppContextListener:62 - Log4J initialization finished
2023-02-26 17:23:12 ERROR AppContextListener:36 - Failed to initialize program components. Root cause: 
com.epam.payments.appcontext.exeption.creation.AppContextCreationException: Error getting app context: Error creating app context: Error in DatabaseConfig: Error creating database configuration: Unsupported database type: mysqlL
	at com.epam.payments.appcontext.AppContextManager.createAppContext(AppContextManager.java:46)
	at com.epam.payments.appcontext.AppContextManager.getAppContext(AppContextManager.java:21)
	at com.epam.payments.appcontext.AppContextListener.contextInitialized(AppContextListener.java:31)
	at org.apache.catalina.core.StandardContext.listenerStart(StandardContext.java:4764)
	at org.apache.catalina.core.StandardContext.startInternal(StandardContext.java:5222)
	at org.apache.catalina.util.LifecycleBase.start(LifecycleBase.java:183)
	at org.apache.catalina.core.ContainerBase.addChildInternal(ContainerBase.java:726)
	at org.apache.catalina.core.ContainerBase.addChild(ContainerBase.java:698)
	at org.apache.catalina.core.StandardHost.addChild(StandardHost.java:696)
	at org.apache.catalina.startup.HostConfig.manageApp(HostConfig.java:1782)
	at java.base/jdk.internal.reflect.NativeMethodAccessorImpl.invoke0(Native Method)
	at java.base/jdk.internal.reflect.NativeMethodAccessorImpl.invoke(NativeMethodAccessorImpl.java:62)
	at java.base/jdk.internal.reflect.DelegatingMethodAccessorImpl.invoke(DelegatingMethodAccessorImpl.java:43)
	at java.base/java.lang.reflect.Method.invoke(Method.java:566)
	at org.apache.tomcat.util.modeler.BaseModelMBean.invoke(BaseModelMBean.java:293)
	at java.management/com.sun.jmx.interceptor.DefaultMBeanServerInterceptor.invoke(DefaultMBeanServerInterceptor.java:809)
	at java.management/com.sun.jmx.mbeanserver.JmxMBeanServer.invoke(JmxMBeanServer.java:801)
	at org.apache.catalina.mbeans.MBeanFactory.createStandardContext(MBeanFactory.java:460)
	at org.apache.catalina.mbeans.MBeanFactory.createStandardContext(MBeanFactory.java:408)
	at java.base/jdk.internal.reflect.NativeMethodAccessorImpl.invoke0(Native Method)
	at java.base/jdk.internal.reflect.NativeMethodAccessorImpl.invoke(NativeMethodAccessorImpl.java:62)
	at java.base/jdk.internal.reflect.DelegatingMethodAccessorImpl.invoke(DelegatingMethodAccessorImpl.java:43)
	at java.base/java.lang.reflect.Method.invoke(Method.java:566)
	at org.apache.tomcat.util.modeler.BaseModelMBean.invoke(BaseModelMBean.java:293)
	at java.management/com.sun.jmx.interceptor.DefaultMBeanServerInterceptor.invoke(DefaultMBeanServerInterceptor.java:809)
	at java.management/com.sun.jmx.mbeanserver.JmxMBeanServer.invoke(JmxMBeanServer.java:801)
	at java.management/com.sun.jmx.remote.security.MBeanServerAccessController.invoke(MBeanServerAccessController.java:468)
	at java.management.rmi/javax.management.remote.rmi.RMIConnectionImpl.doOperation(RMIConnectionImpl.java:1466)
	at java.management.rmi/javax.management.remote.rmi.RMIConnectionImpl$PrivilegedOperation.run(RMIConnectionImpl.java:1307)
	at java.base/java.security.AccessController.doPrivileged(Native Method)
	at java.management.rmi/javax.management.remote.rmi.RMIConnectionImpl.doPrivilegedOperation(RMIConnectionImpl.java:1406)
	at java.management.rmi/javax.management.remote.rmi.RMIConnectionImpl.invoke(RMIConnectionImpl.java:827)
	at java.base/jdk.internal.reflect.NativeMethodAccessorImpl.invoke0(Native Method)
	at java.base/jdk.internal.reflect.NativeMethodAccessorImpl.invoke(NativeMethodAccessorImpl.java:62)
	at java.base/jdk.internal.reflect.DelegatingMethodAccessorImpl.invoke(DelegatingMethodAccessorImpl.java:43)
	at java.base/java.lang.reflect.Method.invoke(Method.java:566)
	at java.rmi/sun.rmi.server.UnicastServerRef.dispatch(UnicastServerRef.java:359)
	at java.rmi/sun.rmi.transport.Transport$1.run(Transport.java:200)
	at java.rmi/sun.rmi.transport.Transport$1.run(Transport.java:197)
	at java.base/java.security.AccessController.doPrivileged(Native Method)
	at java.rmi/sun.rmi.transport.Transport.serviceCall(Transport.java:196)
	at java.rmi/sun.rmi.transport.tcp.TCPTransport.handleMessages(TCPTransport.java:562)
	at java.rmi/sun.rmi.transport.tcp.TCPTransport$ConnectionHandler.run0(TCPTransport.java:796)
	at java.rmi/sun.rmi.transport.tcp.TCPTransport$ConnectionHandler.lambda$run$0(TCPTransport.java:677)
	at java.base/java.security.AccessController.doPrivileged(Native Method)
	at java.rmi/sun.rmi.transport.tcp.TCPTransport$ConnectionHandler.run(TCPTransport.java:676)
	at java.base/java.util.concurrent.ThreadPoolExecutor.runWorker(ThreadPoolExecutor.java:1128)
	at java.base/java.util.concurrent.ThreadPoolExecutor$Worker.run(ThreadPoolExecutor.java:628)
	at java.base/java.lang.Thread.run(Thread.java:829)
Caused by: com.epam.payments.core.database.config.exeption.creation.concrete.UnsupportedDatabaseTypeException: Error in DatabaseConfig: Error creating database configuration: Unsupported database type: mysqlL
	at com.epam.payments.core.database.config.DatabaseConfig.<init>(DatabaseConfig.java:45)
	at com.epam.payments.appcontext.AppContextManager.createAppContext(AppContextManager.java:32)
	... 48 more
2023-02-26 17:23:12 TRACE ContextListener:20 - Servlet context initialization starts
2023-02-26 17:23:12 TRACE ContextListener:35 - Log4J initialization started
2023-02-26 17:23:12 DEBUG ContextListener:38 - Log4j has been initialized
2023-02-26 17:23:12 TRACE ContextListener:43 - Log4J initialization finished
2023-02-26 17:23:12 TRACE ContextListener:26 - Servlet context initialization finished
2023-02-26 17:23:13 TRACE ContextListener:30 - Servlet context destruction starts
2023-02-26 17:23:13 TRACE ContextListener:31 - Servlet context destruction finished
2023-02-26 17:23:13 TRACE AppContextListener:49 - Servlet appContext destruction starts
2023-02-26 17:23:13 TRACE AppContextListener:50 - Servlet appContext destruction finished
2023-02-26 17:52:55 DEBUG AppContextListener:57 - Log4j has been initialized
2023-02-26 17:52:55 TRACE AppContextListener:62 - Log4J initialization finished
2023-02-26 17:52:55 ERROR AppContextListener:36 - Failed to initialize program components. Root cause: 
com.epam.payments.appcontext.exeption.creation.AppContextCreationException: Error getting app context: Error creating app context: Error in DatabaseConfig: Error creating database configuration: Unsupported database type: mysqlL
	at com.epam.payments.appcontext.AppContextManager.createAppContext(AppContextManager.java:46)
	at com.epam.payments.appcontext.AppContextManager.getAppContext(AppContextManager.java:21)
	at com.epam.payments.appcontext.AppContextListener.contextInitialized(AppContextListener.java:31)
	at org.apache.catalina.core.StandardContext.listenerStart(StandardContext.java:4764)
	at org.apache.catalina.core.StandardContext.startInternal(StandardContext.java:5222)
	at org.apache.catalina.util.LifecycleBase.start(LifecycleBase.java:183)
	at org.apache.catalina.core.ContainerBase.addChildInternal(ContainerBase.java:726)
	at org.apache.catalina.core.ContainerBase.addChild(ContainerBase.java:698)
	at org.apache.catalina.core.StandardHost.addChild(StandardHost.java:696)
	at org.apache.catalina.startup.HostConfig.manageApp(HostConfig.java:1782)
	at java.base/jdk.internal.reflect.NativeMethodAccessorImpl.invoke0(Native Method)
	at java.base/jdk.internal.reflect.NativeMethodAccessorImpl.invoke(NativeMethodAccessorImpl.java:62)
	at java.base/jdk.internal.reflect.DelegatingMethodAccessorImpl.invoke(DelegatingMethodAccessorImpl.java:43)
	at java.base/java.lang.reflect.Method.invoke(Method.java:566)
	at org.apache.tomcat.util.modeler.BaseModelMBean.invoke(BaseModelMBean.java:293)
	at java.management/com.sun.jmx.interceptor.DefaultMBeanServerInterceptor.invoke(DefaultMBeanServerInterceptor.java:809)
	at java.management/com.sun.jmx.mbeanserver.JmxMBeanServer.invoke(JmxMBeanServer.java:801)
	at org.apache.catalina.mbeans.MBeanFactory.createStandardContext(MBeanFactory.java:460)
	at org.apache.catalina.mbeans.MBeanFactory.createStandardContext(MBeanFactory.java:408)
	at java.base/jdk.internal.reflect.NativeMethodAccessorImpl.invoke0(Native Method)
	at java.base/jdk.internal.reflect.NativeMethodAccessorImpl.invoke(NativeMethodAccessorImpl.java:62)
	at java.base/jdk.internal.reflect.DelegatingMethodAccessorImpl.invoke(DelegatingMethodAccessorImpl.java:43)
	at java.base/java.lang.reflect.Method.invoke(Method.java:566)
	at org.apache.tomcat.util.modeler.BaseModelMBean.invoke(BaseModelMBean.java:293)
	at java.management/com.sun.jmx.interceptor.DefaultMBeanServerInterceptor.invoke(DefaultMBeanServerInterceptor.java:809)
	at java.management/com.sun.jmx.mbeanserver.JmxMBeanServer.invoke(JmxMBeanServer.java:801)
	at java.management/com.sun.jmx.remote.security.MBeanServerAccessController.invoke(MBeanServerAccessController.java:468)
	at java.management.rmi/javax.management.remote.rmi.RMIConnectionImpl.doOperation(RMIConnectionImpl.java:1466)
	at java.management.rmi/javax.management.remote.rmi.RMIConnectionImpl$PrivilegedOperation.run(RMIConnectionImpl.java:1307)
	at java.base/java.security.AccessController.doPrivileged(Native Method)
	at java.management.rmi/javax.management.remote.rmi.RMIConnectionImpl.doPrivilegedOperation(RMIConnectionImpl.java:1406)
	at java.management.rmi/javax.management.remote.rmi.RMIConnectionImpl.invoke(RMIConnectionImpl.java:827)
	at java.base/jdk.internal.reflect.NativeMethodAccessorImpl.invoke0(Native Method)
	at java.base/jdk.internal.reflect.NativeMethodAccessorImpl.invoke(NativeMethodAccessorImpl.java:62)
	at java.base/jdk.internal.reflect.DelegatingMethodAccessorImpl.invoke(DelegatingMethodAccessorImpl.java:43)
	at java.base/java.lang.reflect.Method.invoke(Method.java:566)
	at java.rmi/sun.rmi.server.UnicastServerRef.dispatch(UnicastServerRef.java:359)
	at java.rmi/sun.rmi.transport.Transport$1.run(Transport.java:200)
	at java.rmi/sun.rmi.transport.Transport$1.run(Transport.java:197)
	at java.base/java.security.AccessController.doPrivileged(Native Method)
	at java.rmi/sun.rmi.transport.Transport.serviceCall(Transport.java:196)
	at java.rmi/sun.rmi.transport.tcp.TCPTransport.handleMessages(TCPTransport.java:562)
	at java.rmi/sun.rmi.transport.tcp.TCPTransport$ConnectionHandler.run0(TCPTransport.java:796)
	at java.rmi/sun.rmi.transport.tcp.TCPTransport$ConnectionHandler.lambda$run$0(TCPTransport.java:677)
	at java.base/java.security.AccessController.doPrivileged(Native Method)
	at java.rmi/sun.rmi.transport.tcp.TCPTransport$ConnectionHandler.run(TCPTransport.java:676)
	at java.base/java.util.concurrent.ThreadPoolExecutor.runWorker(ThreadPoolExecutor.java:1128)
	at java.base/java.util.concurrent.ThreadPoolExecutor$Worker.run(ThreadPoolExecutor.java:628)
	at java.base/java.lang.Thread.run(Thread.java:829)
Caused by: com.epam.payments.core.database.config.exeption.creation.concrete.UnsupportedDatabaseTypeException: Error in DatabaseConfig: Error creating database configuration: Unsupported database type: mysqlL
	at com.epam.payments.core.database.config.DatabaseConfig.<init>(DatabaseConfig.java:45)
	at com.epam.payments.appcontext.AppContextManager.createAppContext(AppContextManager.java:32)
	... 48 more
2023-02-26 17:52:55 TRACE ContextListener:20 - Servlet context initialization starts
2023-02-26 17:52:55 TRACE ContextListener:35 - Log4J initialization started
2023-02-26 17:52:55 DEBUG ContextListener:38 - Log4j has been initialized
2023-02-26 17:52:55 TRACE ContextListener:43 - Log4J initialization finished
2023-02-26 17:52:55 TRACE ContextListener:26 - Servlet context initialization finished
2023-02-26 17:52:56 TRACE ContextListener:30 - Servlet context destruction starts
2023-02-26 17:52:56 TRACE ContextListener:31 - Servlet context destruction finished
2023-02-26 17:52:56 TRACE AppContextListener:49 - Servlet appContext destruction starts
2023-02-26 17:52:56 TRACE AppContextListener:50 - Servlet appContext destruction finished
2023-02-26 18:00:32 DEBUG AppContextListener:57 - Log4j has been initialized
2023-02-26 18:00:32 TRACE AppContextListener:62 - Log4J initialization finished
2023-02-26 18:00:32 ERROR AppContextListener:36 - Failed to initialize program components. Root cause: 
com.epam.payments.appcontext.exeption.creation.AppContextCreationException: Internal Server error: Error getting app context: Error creating app context: Error in DatabaseConfig: Error creating database configuration: Unsupported database type: mysqlL
	at com.epam.payments.appcontext.AppContextManager.createAppContext(AppContextManager.java:46)
	at com.epam.payments.appcontext.AppContextManager.getAppContext(AppContextManager.java:21)
	at com.epam.payments.appcontext.AppContextListener.contextInitialized(AppContextListener.java:31)
	at org.apache.catalina.core.StandardContext.listenerStart(StandardContext.java:4764)
	at org.apache.catalina.core.StandardContext.startInternal(StandardContext.java:5222)
	at org.apache.catalina.util.LifecycleBase.start(LifecycleBase.java:183)
	at org.apache.catalina.core.ContainerBase.addChildInternal(ContainerBase.java:726)
	at org.apache.catalina.core.ContainerBase.addChild(ContainerBase.java:698)
	at org.apache.catalina.core.StandardHost.addChild(StandardHost.java:696)
	at org.apache.catalina.startup.HostConfig.manageApp(HostConfig.java:1782)
	at java.base/jdk.internal.reflect.NativeMethodAccessorImpl.invoke0(Native Method)
	at java.base/jdk.internal.reflect.NativeMethodAccessorImpl.invoke(NativeMethodAccessorImpl.java:62)
	at java.base/jdk.internal.reflect.DelegatingMethodAccessorImpl.invoke(DelegatingMethodAccessorImpl.java:43)
	at java.base/java.lang.reflect.Method.invoke(Method.java:566)
	at org.apache.tomcat.util.modeler.BaseModelMBean.invoke(BaseModelMBean.java:293)
	at java.management/com.sun.jmx.interceptor.DefaultMBeanServerInterceptor.invoke(DefaultMBeanServerInterceptor.java:809)
	at java.management/com.sun.jmx.mbeanserver.JmxMBeanServer.invoke(JmxMBeanServer.java:801)
	at org.apache.catalina.mbeans.MBeanFactory.createStandardContext(MBeanFactory.java:460)
	at org.apache.catalina.mbeans.MBeanFactory.createStandardContext(MBeanFactory.java:408)
	at java.base/jdk.internal.reflect.NativeMethodAccessorImpl.invoke0(Native Method)
	at java.base/jdk.internal.reflect.NativeMethodAccessorImpl.invoke(NativeMethodAccessorImpl.java:62)
	at java.base/jdk.internal.reflect.DelegatingMethodAccessorImpl.invoke(DelegatingMethodAccessorImpl.java:43)
	at java.base/java.lang.reflect.Method.invoke(Method.java:566)
	at org.apache.tomcat.util.modeler.BaseModelMBean.invoke(BaseModelMBean.java:293)
	at java.management/com.sun.jmx.interceptor.DefaultMBeanServerInterceptor.invoke(DefaultMBeanServerInterceptor.java:809)
	at java.management/com.sun.jmx.mbeanserver.JmxMBeanServer.invoke(JmxMBeanServer.java:801)
	at java.management/com.sun.jmx.remote.security.MBeanServerAccessController.invoke(MBeanServerAccessController.java:468)
	at java.management.rmi/javax.management.remote.rmi.RMIConnectionImpl.doOperation(RMIConnectionImpl.java:1466)
	at java.management.rmi/javax.management.remote.rmi.RMIConnectionImpl$PrivilegedOperation.run(RMIConnectionImpl.java:1307)
	at java.base/java.security.AccessController.doPrivileged(Native Method)
	at java.management.rmi/javax.management.remote.rmi.RMIConnectionImpl.doPrivilegedOperation(RMIConnectionImpl.java:1406)
	at java.management.rmi/javax.management.remote.rmi.RMIConnectionImpl.invoke(RMIConnectionImpl.java:827)
	at java.base/jdk.internal.reflect.NativeMethodAccessorImpl.invoke0(Native Method)
	at java.base/jdk.internal.reflect.NativeMethodAccessorImpl.invoke(NativeMethodAccessorImpl.java:62)
	at java.base/jdk.internal.reflect.DelegatingMethodAccessorImpl.invoke(DelegatingMethodAccessorImpl.java:43)
	at java.base/java.lang.reflect.Method.invoke(Method.java:566)
	at java.rmi/sun.rmi.server.UnicastServerRef.dispatch(UnicastServerRef.java:359)
	at java.rmi/sun.rmi.transport.Transport$1.run(Transport.java:200)
	at java.rmi/sun.rmi.transport.Transport$1.run(Transport.java:197)
	at java.base/java.security.AccessController.doPrivileged(Native Method)
	at java.rmi/sun.rmi.transport.Transport.serviceCall(Transport.java:196)
	at java.rmi/sun.rmi.transport.tcp.TCPTransport.handleMessages(TCPTransport.java:562)
	at java.rmi/sun.rmi.transport.tcp.TCPTransport$ConnectionHandler.run0(TCPTransport.java:796)
	at java.rmi/sun.rmi.transport.tcp.TCPTransport$ConnectionHandler.lambda$run$0(TCPTransport.java:677)
	at java.base/java.security.AccessController.doPrivileged(Native Method)
	at java.rmi/sun.rmi.transport.tcp.TCPTransport$ConnectionHandler.run(TCPTransport.java:676)
	at java.base/java.util.concurrent.ThreadPoolExecutor.runWorker(ThreadPoolExecutor.java:1128)
	at java.base/java.util.concurrent.ThreadPoolExecutor$Worker.run(ThreadPoolExecutor.java:628)
	at java.base/java.lang.Thread.run(Thread.java:829)
Caused by: com.epam.payments.core.database.config.exeption.creation.concrete.UnsupportedDatabaseTypeException: Error in DatabaseConfig: Error creating database configuration: Unsupported database type: mysqlL
	at com.epam.payments.core.database.config.DatabaseConfig.<init>(DatabaseConfig.java:45)
	at com.epam.payments.appcontext.AppContextManager.createAppContext(AppContextManager.java:32)
	... 48 more
2023-02-26 18:00:32 TRACE ContextListener:20 - Servlet context initialization starts
2023-02-26 18:00:32 TRACE ContextListener:35 - Log4J initialization started
2023-02-26 18:00:32 DEBUG ContextListener:38 - Log4j has been initialized
2023-02-26 18:00:32 TRACE ContextListener:43 - Log4J initialization finished
2023-02-26 18:00:32 TRACE ContextListener:26 - Servlet context initialization finished
2023-02-26 18:00:33 TRACE ContextListener:30 - Servlet context destruction starts
2023-02-26 18:00:33 TRACE ContextListener:31 - Servlet context destruction finished
2023-02-26 18:00:33 TRACE AppContextListener:49 - Servlet appContext destruction starts
2023-02-26 18:00:33 TRACE AppContextListener:50 - Servlet appContext destruction finished
2023-02-26 18:02:35 DEBUG AppContextListener:57 - Log4j has been initialized
2023-02-26 18:02:35 TRACE AppContextListener:62 - Log4J initialization finished
2023-02-26 18:02:35 TRACE AppContextListener:45 - Servlet appContext initialization finished
2023-02-26 18:02:35 TRACE ContextListener:20 - Servlet context initialization starts
2023-02-26 18:02:35 TRACE ContextListener:35 - Log4J initialization started
2023-02-26 18:02:35 DEBUG ContextListener:38 - Log4j has been initialized
2023-02-26 18:02:35 TRACE ContextListener:43 - Log4J initialization finished
2023-02-26 18:02:35 TRACE ContextListener:26 - Servlet context initialization finished
2023-02-26 18:02:36 INFO  EncodingFilter:35 - Filter initialization starts
2023-02-26 18:02:36 INFO  EncodingFilter:41 - Filter initialization finished
2023-02-26 18:02:36 DEBUG CommandAccessFilter:82 - Filter initialization starts
2023-02-26 18:02:36 TRACE CommandAccessFilter:87 - Access map --> {ROLE_ADMIN=[unblockUserCommand, blockUserCommand, unblockWalletCommand, goWallet-DetailsCommand, goAdmin-User-DetailsCommand, goAdmin-UsersCommand], ROLE_USER=[create-WalletCommand, prepareTransferCommand, sendTransferCommand, cancelTransferCommand, goUser-WalletsCommand, goWallet-DetailsCommand, goUser-Create-WalletCommand, goUser-Prepare-TransferCommand, goUser-Send-TransferCommand]}
2023-02-26 18:02:36 TRACE CommandAccessFilter:91 - Common commands --> [blockWalletCommand, sortTransfersCommand, sortWalletsCommand]
2023-02-26 18:02:36 TRACE CommandAccessFilter:95 - Out of control commands --> [languageCommand, loginCommand, registerCommand, logoutCommand, goRegisterCommand, goLoginCommand]
2023-02-26 18:02:36 DEBUG CommandAccessFilter:97 - Filter initialization finished
2023-02-26 18:02:36 INFO  EncodingFilter:24 - Filter starts
2023-02-26 18:02:36 INFO  EncodingFilter:30 - Filter finished
2023-02-26 18:02:36 TRACE Controller:52 - *****************GET*****************
2023-02-26 18:02:36 DEBUG Controller:58 - Controller starts
2023-02-26 18:02:36 TRACE Controller:61 - Request parameter: command --> goLoginCommand
2023-02-26 18:02:36 DEBUG CommandFactory:60 - Command factory was successfully initialized
2023-02-26 18:02:36 TRACE CommandFactory:61 - Number of commands --> 25
2023-02-26 18:02:36 TRACE Controller:64 - Obtained command --> GoLoginCommand
2023-02-26 18:02:36 TRACE GoLoginCommand:20 - Start tracing GetCommand
2023-02-26 18:02:36 TRACE Controller:31 - Forward address --> WEB-INF/jsp/login.jsp
2023-02-26 18:02:36 DEBUG Controller:32 - Controller finished, now navigation to forward address --> WEB-INF/jsp/login.jsp
2023-02-26 18:02:43 INFO  EncodingFilter:24 - Filter starts
2023-02-26 18:02:43 INFO  EncodingFilter:30 - Filter finished
2023-02-26 18:02:43 TRACE Controller:52 - *****************GET*****************
2023-02-26 18:02:43 DEBUG Controller:58 - Controller starts
2023-02-26 18:02:43 TRACE Controller:61 - Request parameter: command --> goLoginCommand
2023-02-26 18:02:43 TRACE Controller:64 - Obtained command --> GoLoginCommand
2023-02-26 18:02:43 TRACE GoLoginCommand:20 - Start tracing GetCommand
2023-02-26 18:02:43 TRACE Controller:31 - Forward address --> WEB-INF/jsp/login.jsp
2023-02-26 18:02:43 DEBUG Controller:32 - Controller finished, now navigation to forward address --> WEB-INF/jsp/login.jsp
2023-02-26 18:02:47 INFO  EncodingFilter:24 - Filter starts
2023-02-26 18:02:47 INFO  EncodingFilter:30 - Filter finished
2023-02-26 18:02:47 TRACE Controller:52 - *****************GET*****************
2023-02-26 18:02:47 DEBUG Controller:58 - Controller starts
2023-02-26 18:02:47 TRACE Controller:61 - Request parameter: command --> goRegisterCommand
2023-02-26 18:02:47 TRACE Controller:64 - Obtained command --> GoRegisterCommand
2023-02-26 18:02:47 TRACE GoRegisterCommand:20 - Start tracing GetCommand
2023-02-26 18:02:47 TRACE Controller:31 - Forward address --> WEB-INF/jsp/register.jsp
2023-02-26 18:02:47 DEBUG Controller:32 - Controller finished, now navigation to forward address --> WEB-INF/jsp/register.jsp
2023-02-26 18:03:04 INFO  EncodingFilter:24 - Filter starts
2023-02-26 18:03:04 INFO  EncodingFilter:30 - Filter finished
2023-02-26 18:03:04 TRACE Controller:47 - *****************POST*****************
2023-02-26 18:03:04 DEBUG Controller:58 - Controller starts
2023-02-26 18:03:04 TRACE Controller:61 - Request parameter: command --> registerCommand
2023-02-26 18:03:04 TRACE Controller:64 - Obtained command --> RegisterCommand
2023-02-26 18:03:04 TRACE RegisterCommand:27 - Start tracing RegisterCommand
2023-02-26 18:03:04 TRACE Controller:38 - Redirect address --> ?command=register
2023-02-26 18:03:04 DEBUG Controller:39 - Controller finished, now redirect to address --> ?command=register
2023-02-26 18:03:04 INFO  EncodingFilter:24 - Filter starts
2023-02-26 18:03:04 INFO  EncodingFilter:30 - Filter finished
2023-02-26 18:03:04 TRACE Controller:52 - *****************GET*****************
2023-02-26 18:03:04 DEBUG Controller:58 - Controller starts
2023-02-26 18:03:04 TRACE Controller:61 - Request parameter: command --> register
2023-02-26 18:03:04 TRACE CommandFactory:66 - Command not found, name --> register
2023-02-26 18:03:04 TRACE Controller:64 - Obtained command --> null
2023-02-26 18:05:17 TRACE EncodingFilter:18 - =========================================================================
2023-02-26 18:05:17 INFO  EncodingFilter:19 - Filter destruction starts
2023-02-26 18:05:17 INFO  EncodingFilter:20 - Filter destruction finished
2023-02-26 18:05:17 DEBUG CommandAccessFilter:24 - Filter destruction starts
2023-02-26 18:05:17 DEBUG CommandAccessFilter:26 - Filter destruction finished
2023-02-26 18:05:17 TRACE ContextListener:30 - Servlet context destruction starts
2023-02-26 18:05:17 TRACE ContextListener:31 - Servlet context destruction finished
2023-02-26 18:05:17 TRACE AppContextListener:49 - Servlet appContext destruction starts
2023-02-26 18:05:17 TRACE AppContextListener:50 - Servlet appContext destruction finished
2023-02-26 18:05:56 DEBUG AppContextListener:57 - Log4j has been initialized
2023-02-26 18:05:56 TRACE AppContextListener:62 - Log4J initialization finished
2023-02-26 18:05:56 TRACE AppContextListener:45 - Servlet appContext initialization finished
2023-02-26 18:05:56 TRACE ContextListener:20 - Servlet context initialization starts
2023-02-26 18:05:56 TRACE ContextListener:35 - Log4J initialization started
2023-02-26 18:05:56 DEBUG ContextListener:38 - Log4j has been initialized
2023-02-26 18:05:56 TRACE ContextListener:43 - Log4J initialization finished
2023-02-26 18:05:56 TRACE ContextListener:26 - Servlet context initialization finished
2023-02-26 18:05:57 INFO  EncodingFilter:35 - Filter initialization starts
2023-02-26 18:05:57 INFO  EncodingFilter:41 - Filter initialization finished
2023-02-26 18:05:57 DEBUG CommandAccessFilter:82 - Filter initialization starts
2023-02-26 18:05:57 TRACE CommandAccessFilter:87 - Access map --> {ROLE_ADMIN=[unblockUserCommand, blockUserCommand, unblockWalletCommand, goWallet-DetailsCommand, goAdmin-User-DetailsCommand, goAdmin-UsersCommand], ROLE_USER=[create-WalletCommand, prepareTransferCommand, sendTransferCommand, cancelTransferCommand, goUser-WalletsCommand, goWallet-DetailsCommand, goUser-Create-WalletCommand, goUser-Prepare-TransferCommand, goUser-Send-TransferCommand]}
2023-02-26 18:05:57 TRACE CommandAccessFilter:91 - Common commands --> [blockWalletCommand, sortTransfersCommand, sortWalletsCommand]
2023-02-26 18:05:57 TRACE CommandAccessFilter:95 - Out of control commands --> [languageCommand, loginCommand, registerCommand, logoutCommand, goRegisterCommand, goLoginCommand]
2023-02-26 18:05:57 DEBUG CommandAccessFilter:97 - Filter initialization finished
2023-02-26 18:05:57 INFO  EncodingFilter:24 - Filter starts
2023-02-26 18:05:57 INFO  EncodingFilter:30 - Filter finished
2023-02-26 18:05:57 TRACE Controller:52 - *****************GET*****************
2023-02-26 18:05:57 DEBUG Controller:58 - Controller starts
2023-02-26 18:05:57 TRACE Controller:61 - Request parameter: command --> goLoginCommand
2023-02-26 18:05:57 DEBUG CommandFactory:60 - Command factory was successfully initialized
2023-02-26 18:05:57 TRACE CommandFactory:61 - Number of commands --> 25
2023-02-26 18:05:57 TRACE Controller:64 - Obtained command --> GoLoginCommand
2023-02-26 18:05:57 TRACE GoLoginCommand:20 - Start tracing GetCommand
2023-02-26 18:05:57 TRACE Controller:31 - Forward address --> WEB-INF/jsp/login.jsp
2023-02-26 18:05:57 DEBUG Controller:32 - Controller finished, now navigation to forward address --> WEB-INF/jsp/login.jsp
2023-02-26 18:06:04 INFO  EncodingFilter:24 - Filter starts
2023-02-26 18:06:04 INFO  EncodingFilter:30 - Filter finished
2023-02-26 18:06:04 TRACE Controller:52 - *****************GET*****************
2023-02-26 18:06:04 DEBUG Controller:58 - Controller starts
2023-02-26 18:06:04 TRACE Controller:61 - Request parameter: command --> goLoginCommand
2023-02-26 18:06:04 TRACE Controller:64 - Obtained command --> GoLoginCommand
2023-02-26 18:06:04 TRACE GoLoginCommand:20 - Start tracing GetCommand
2023-02-26 18:06:04 TRACE Controller:31 - Forward address --> WEB-INF/jsp/login.jsp
2023-02-26 18:06:04 DEBUG Controller:32 - Controller finished, now navigation to forward address --> WEB-INF/jsp/login.jsp
2023-02-26 18:06:06 INFO  EncodingFilter:24 - Filter starts
2023-02-26 18:06:06 INFO  EncodingFilter:30 - Filter finished
2023-02-26 18:06:06 TRACE Controller:52 - *****************GET*****************
2023-02-26 18:06:06 DEBUG Controller:58 - Controller starts
2023-02-26 18:06:06 TRACE Controller:61 - Request parameter: command --> goRegisterCommand
2023-02-26 18:06:06 TRACE Controller:64 - Obtained command --> GoRegisterCommand
2023-02-26 18:06:06 TRACE GoRegisterCommand:20 - Start tracing GetCommand
2023-02-26 18:06:06 TRACE Controller:31 - Forward address --> WEB-INF/jsp/register.jsp
2023-02-26 18:06:06 DEBUG Controller:32 - Controller finished, now navigation to forward address --> WEB-INF/jsp/register.jsp
2023-02-26 18:06:11 INFO  EncodingFilter:24 - Filter starts
2023-02-26 18:06:11 INFO  EncodingFilter:30 - Filter finished
2023-02-26 18:06:11 TRACE Controller:47 - *****************POST*****************
2023-02-26 18:06:11 DEBUG Controller:58 - Controller starts
2023-02-26 18:06:11 TRACE Controller:61 - Request parameter: command --> registerCommand
2023-02-26 18:06:11 TRACE Controller:64 - Obtained command --> RegisterCommand
2023-02-26 18:06:11 TRACE RegisterCommand:27 - Start tracing RegisterCommand
2023-02-26 18:06:11 TRACE Controller:38 - Redirect address --> ?command=goRegisterCommand
2023-02-26 18:06:11 DEBUG Controller:39 - Controller finished, now redirect to address --> ?command=goRegisterCommand
2023-02-26 18:06:11 INFO  EncodingFilter:24 - Filter starts
2023-02-26 18:06:11 INFO  EncodingFilter:30 - Filter finished
2023-02-26 18:06:11 TRACE Controller:52 - *****************GET*****************
2023-02-26 18:06:11 DEBUG Controller:58 - Controller starts
2023-02-26 18:06:11 TRACE Controller:61 - Request parameter: command --> goRegisterCommand
2023-02-26 18:06:11 TRACE Controller:64 - Obtained command --> GoRegisterCommand
2023-02-26 18:06:11 TRACE GoRegisterCommand:20 - Start tracing GetCommand
2023-02-26 18:06:11 TRACE Controller:31 - Forward address --> WEB-INF/jsp/register.jsp
2023-02-26 18:06:11 DEBUG Controller:32 - Controller finished, now navigation to forward address --> WEB-INF/jsp/register.jsp
2023-02-26 18:08:15 TRACE EncodingFilter:18 - =========================================================================
2023-02-26 18:08:15 INFO  EncodingFilter:19 - Filter destruction starts
2023-02-26 18:08:15 INFO  EncodingFilter:20 - Filter destruction finished
2023-02-26 18:08:15 DEBUG CommandAccessFilter:24 - Filter destruction starts
2023-02-26 18:08:15 DEBUG CommandAccessFilter:26 - Filter destruction finished
2023-02-26 18:08:15 TRACE ContextListener:30 - Servlet context destruction starts
2023-02-26 18:08:15 TRACE ContextListener:31 - Servlet context destruction finished
2023-02-26 18:08:15 TRACE AppContextListener:49 - Servlet appContext destruction starts
2023-02-26 18:08:15 TRACE AppContextListener:50 - Servlet appContext destruction finished
2023-02-26 18:08:52 DEBUG AppContextListener:57 - Log4j has been initialized
2023-02-26 18:08:52 TRACE AppContextListener:62 - Log4J initialization finished
2023-02-26 18:08:52 TRACE AppContextListener:45 - Servlet appContext initialization finished
2023-02-26 18:08:52 TRACE ContextListener:20 - Servlet context initialization starts
2023-02-26 18:08:52 TRACE ContextListener:35 - Log4J initialization started
2023-02-26 18:08:52 DEBUG ContextListener:38 - Log4j has been initialized
2023-02-26 18:08:52 TRACE ContextListener:43 - Log4J initialization finished
2023-02-26 18:08:52 TRACE ContextListener:26 - Servlet context initialization finished
2023-02-26 18:08:53 INFO  EncodingFilter:35 - Filter initialization starts
2023-02-26 18:08:53 INFO  EncodingFilter:41 - Filter initialization finished
2023-02-26 18:08:53 DEBUG CommandAccessFilter:82 - Filter initialization starts
2023-02-26 18:08:53 TRACE CommandAccessFilter:87 - Access map --> {ROLE_ADMIN=[unblockUserCommand, blockUserCommand, unblockWalletCommand, goWallet-DetailsCommand, goAdmin-User-DetailsCommand, goAdmin-UsersCommand], ROLE_USER=[create-WalletCommand, prepareTransferCommand, sendTransferCommand, cancelTransferCommand, goUser-WalletsCommand, goWallet-DetailsCommand, goUser-Create-WalletCommand, goUser-Prepare-TransferCommand, goUser-Send-TransferCommand]}
2023-02-26 18:08:53 TRACE CommandAccessFilter:91 - Common commands --> [blockWalletCommand, sortTransfersCommand, sortWalletsCommand]
2023-02-26 18:08:53 TRACE CommandAccessFilter:95 - Out of control commands --> [languageCommand, loginCommand, registerCommand, logoutCommand, goRegisterCommand, goLoginCommand]
2023-02-26 18:08:53 DEBUG CommandAccessFilter:97 - Filter initialization finished
2023-02-26 18:08:53 INFO  EncodingFilter:24 - Filter starts
2023-02-26 18:08:53 INFO  EncodingFilter:30 - Filter finished
2023-02-26 18:08:53 TRACE Controller:52 - *****************GET*****************
2023-02-26 18:08:53 DEBUG Controller:58 - Controller starts
2023-02-26 18:08:53 TRACE Controller:61 - Request parameter: command --> goLoginCommand
2023-02-26 18:08:53 DEBUG CommandFactory:60 - Command factory was successfully initialized
2023-02-26 18:08:53 TRACE CommandFactory:61 - Number of commands --> 25
2023-02-26 18:08:53 TRACE Controller:64 - Obtained command --> GoLoginCommand
2023-02-26 18:08:53 TRACE GoLoginCommand:20 - Start tracing GetCommand
2023-02-26 18:08:53 TRACE Controller:31 - Forward address --> WEB-INF/jsp/login.jsp
2023-02-26 18:08:53 DEBUG Controller:32 - Controller finished, now navigation to forward address --> WEB-INF/jsp/login.jsp
2023-02-26 18:09:03 INFO  EncodingFilter:24 - Filter starts
2023-02-26 18:09:03 INFO  EncodingFilter:30 - Filter finished
2023-02-26 18:09:03 TRACE Controller:52 - *****************GET*****************
2023-02-26 18:09:03 DEBUG Controller:58 - Controller starts
2023-02-26 18:09:03 TRACE Controller:61 - Request parameter: command --> goLoginCommand
2023-02-26 18:09:03 TRACE Controller:64 - Obtained command --> GoLoginCommand
2023-02-26 18:09:03 TRACE GoLoginCommand:20 - Start tracing GetCommand
2023-02-26 18:09:03 TRACE Controller:31 - Forward address --> WEB-INF/jsp/login.jsp
2023-02-26 18:09:04 DEBUG Controller:32 - Controller finished, now navigation to forward address --> WEB-INF/jsp/login.jsp
2023-02-26 18:09:06 INFO  EncodingFilter:24 - Filter starts
2023-02-26 18:09:06 INFO  EncodingFilter:30 - Filter finished
2023-02-26 18:09:06 TRACE Controller:52 - *****************GET*****************
2023-02-26 18:09:06 DEBUG Controller:58 - Controller starts
2023-02-26 18:09:06 TRACE Controller:61 - Request parameter: command --> goRegisterCommand
2023-02-26 18:09:06 TRACE Controller:64 - Obtained command --> GoRegisterCommand
2023-02-26 18:09:06 TRACE GoRegisterCommand:20 - Start tracing GetCommand
2023-02-26 18:09:06 TRACE Controller:31 - Forward address --> WEB-INF/jsp/register.jsp
2023-02-26 18:09:06 DEBUG Controller:32 - Controller finished, now navigation to forward address --> WEB-INF/jsp/register.jsp
2023-02-26 18:09:15 INFO  EncodingFilter:24 - Filter starts
2023-02-26 18:09:15 INFO  EncodingFilter:30 - Filter finished
2023-02-26 18:09:15 TRACE Controller:47 - *****************POST*****************
2023-02-26 18:09:15 DEBUG Controller:58 - Controller starts
2023-02-26 18:09:15 TRACE Controller:61 - Request parameter: command --> registerCommand
2023-02-26 18:09:15 TRACE Controller:64 - Obtained command --> RegisterCommand
2023-02-26 18:09:15 TRACE RegisterCommand:27 - Start tracing RegisterCommand
2023-02-26 18:09:15 TRACE Controller:38 - Redirect address --> ?command=goRegisterCommand
2023-02-26 18:09:15 DEBUG Controller:39 - Controller finished, now redirect to address --> ?command=goRegisterCommand
2023-02-26 18:09:15 INFO  EncodingFilter:24 - Filter starts
2023-02-26 18:09:15 INFO  EncodingFilter:30 - Filter finished
2023-02-26 18:09:15 TRACE Controller:52 - *****************GET*****************
2023-02-26 18:09:15 DEBUG Controller:58 - Controller starts
2023-02-26 18:09:15 TRACE Controller:61 - Request parameter: command --> goRegisterCommand
2023-02-26 18:09:15 TRACE Controller:64 - Obtained command --> GoRegisterCommand
2023-02-26 18:09:15 TRACE GoRegisterCommand:20 - Start tracing GetCommand
2023-02-26 18:09:15 TRACE Controller:31 - Forward address --> WEB-INF/jsp/register.jsp
2023-02-26 18:09:15 DEBUG Controller:32 - Controller finished, now navigation to forward address --> WEB-INF/jsp/register.jsp
2023-02-26 18:09:57 INFO  EncodingFilter:24 - Filter starts
2023-02-26 18:09:57 INFO  EncodingFilter:30 - Filter finished
2023-02-26 18:09:57 TRACE Controller:52 - *****************GET*****************
2023-02-26 18:09:57 DEBUG Controller:58 - Controller starts
2023-02-26 18:09:57 TRACE Controller:61 - Request parameter: command --> languageCommand
2023-02-26 18:09:57 TRACE Controller:64 - Obtained command --> LanguageCommand
2023-02-26 18:09:57 TRACE LanguageCommand:27 - Start tracing LanguageCommand
2023-02-26 18:09:57 TRACE LanguageCommand:41 - Language is switched to en
2023-02-26 18:09:57 TRACE Controller:38 - Redirect address --> ?command=goRegisterCommand
2023-02-26 18:09:57 DEBUG Controller:39 - Controller finished, now redirect to address --> ?command=goRegisterCommand
2023-02-26 18:09:57 INFO  EncodingFilter:24 - Filter starts
2023-02-26 18:09:57 INFO  EncodingFilter:30 - Filter finished
2023-02-26 18:09:57 TRACE Controller:52 - *****************GET*****************
2023-02-26 18:09:57 DEBUG Controller:58 - Controller starts
2023-02-26 18:09:57 TRACE Controller:61 - Request parameter: command --> goRegisterCommand
2023-02-26 18:09:57 TRACE Controller:64 - Obtained command --> GoRegisterCommand
2023-02-26 18:09:57 TRACE GoRegisterCommand:20 - Start tracing GetCommand
2023-02-26 18:09:57 TRACE Controller:31 - Forward address --> WEB-INF/jsp/register.jsp
2023-02-26 18:09:57 DEBUG Controller:32 - Controller finished, now navigation to forward address --> WEB-INF/jsp/register.jsp
2023-02-26 18:09:58 INFO  EncodingFilter:24 - Filter starts
2023-02-26 18:09:58 INFO  EncodingFilter:30 - Filter finished
2023-02-26 18:09:58 TRACE Controller:52 - *****************GET*****************
2023-02-26 18:09:58 DEBUG Controller:58 - Controller starts
2023-02-26 18:09:58 TRACE Controller:61 - Request parameter: command --> languageCommand
2023-02-26 18:09:58 TRACE Controller:64 - Obtained command --> LanguageCommand
2023-02-26 18:09:58 TRACE LanguageCommand:27 - Start tracing LanguageCommand
2023-02-26 18:09:58 TRACE LanguageCommand:41 - Language is switched to uk
2023-02-26 18:09:58 TRACE Controller:38 - Redirect address --> ?command=goRegisterCommand
2023-02-26 18:09:58 DEBUG Controller:39 - Controller finished, now redirect to address --> ?command=goRegisterCommand
2023-02-26 18:09:58 INFO  EncodingFilter:24 - Filter starts
2023-02-26 18:09:58 INFO  EncodingFilter:30 - Filter finished
2023-02-26 18:09:58 TRACE Controller:52 - *****************GET*****************
2023-02-26 18:09:58 DEBUG Controller:58 - Controller starts
2023-02-26 18:09:58 TRACE Controller:61 - Request parameter: command --> goRegisterCommand
2023-02-26 18:09:58 TRACE Controller:64 - Obtained command --> GoRegisterCommand
2023-02-26 18:09:58 TRACE GoRegisterCommand:20 - Start tracing GetCommand
2023-02-26 18:09:58 TRACE Controller:31 - Forward address --> WEB-INF/jsp/register.jsp
2023-02-26 18:09:58 DEBUG Controller:32 - Controller finished, now navigation to forward address --> WEB-INF/jsp/register.jsp
2023-02-26 18:13:39 TRACE EncodingFilter:18 - =========================================================================
2023-02-26 18:13:39 INFO  EncodingFilter:19 - Filter destruction starts
2023-02-26 18:13:39 INFO  EncodingFilter:20 - Filter destruction finished
2023-02-26 18:13:39 DEBUG CommandAccessFilter:24 - Filter destruction starts
2023-02-26 18:13:39 DEBUG CommandAccessFilter:26 - Filter destruction finished
2023-02-26 18:13:39 TRACE ContextListener:30 - Servlet context destruction starts
2023-02-26 18:13:39 TRACE ContextListener:31 - Servlet context destruction finished
2023-02-26 18:13:39 TRACE AppContextListener:49 - Servlet appContext destruction starts
2023-02-26 18:13:39 TRACE AppContextListener:50 - Servlet appContext destruction finished
2023-02-26 18:14:18 DEBUG AppContextListener:57 - Log4j has been initialized
2023-02-26 18:14:18 TRACE AppContextListener:62 - Log4J initialization finished
2023-02-26 18:14:18 TRACE AppContextListener:45 - Servlet appContext initialization finished
2023-02-26 18:14:18 TRACE ContextListener:20 - Servlet context initialization starts
2023-02-26 18:14:18 TRACE ContextListener:35 - Log4J initialization started
2023-02-26 18:14:18 DEBUG ContextListener:38 - Log4j has been initialized
2023-02-26 18:14:18 TRACE ContextListener:43 - Log4J initialization finished
2023-02-26 18:14:18 TRACE ContextListener:26 - Servlet context initialization finished
2023-02-26 18:14:18 INFO  EncodingFilter:35 - Filter initialization starts
2023-02-26 18:14:18 INFO  EncodingFilter:41 - Filter initialization finished
2023-02-26 18:14:18 DEBUG CommandAccessFilter:82 - Filter initialization starts
2023-02-26 18:14:18 TRACE CommandAccessFilter:87 - Access map --> {ROLE_ADMIN=[unblockUserCommand, blockUserCommand, unblockWalletCommand, goWallet-DetailsCommand, goAdmin-User-DetailsCommand, goAdmin-UsersCommand], ROLE_USER=[create-WalletCommand, prepareTransferCommand, sendTransferCommand, cancelTransferCommand, goUser-WalletsCommand, goWallet-DetailsCommand, goUser-Create-WalletCommand, goUser-Prepare-TransferCommand, goUser-Send-TransferCommand]}
2023-02-26 18:14:18 TRACE CommandAccessFilter:91 - Common commands --> [blockWalletCommand, sortTransfersCommand, sortWalletsCommand]
2023-02-26 18:14:18 TRACE CommandAccessFilter:95 - Out of control commands --> [languageCommand, loginCommand, registerCommand, logoutCommand, goRegisterCommand, goLoginCommand]
2023-02-26 18:14:18 DEBUG CommandAccessFilter:97 - Filter initialization finished
2023-02-26 18:14:19 INFO  EncodingFilter:24 - Filter starts
2023-02-26 18:14:19 INFO  EncodingFilter:30 - Filter finished
2023-02-26 18:14:19 TRACE Controller:52 - *****************GET*****************
2023-02-26 18:14:19 DEBUG Controller:58 - Controller starts
2023-02-26 18:14:19 TRACE Controller:61 - Request parameter: command --> goLoginCommand
2023-02-26 18:14:19 DEBUG CommandFactory:60 - Command factory was successfully initialized
2023-02-26 18:14:19 TRACE CommandFactory:61 - Number of commands --> 25
2023-02-26 18:14:19 TRACE Controller:64 - Obtained command --> GoLoginCommand
2023-02-26 18:14:19 TRACE GoLoginCommand:20 - Start tracing GetCommand
2023-02-26 18:14:19 TRACE Controller:31 - Forward address --> WEB-INF/jsp/login.jsp
2023-02-26 18:14:19 DEBUG Controller:32 - Controller finished, now navigation to forward address --> WEB-INF/jsp/login.jsp
2023-02-26 18:14:28 INFO  EncodingFilter:24 - Filter starts
2023-02-26 18:14:28 INFO  EncodingFilter:30 - Filter finished
2023-02-26 18:14:28 TRACE Controller:52 - *****************GET*****************
2023-02-26 18:14:28 DEBUG Controller:58 - Controller starts
2023-02-26 18:14:28 TRACE Controller:61 - Request parameter: command --> goLoginCommand
2023-02-26 18:14:28 TRACE Controller:64 - Obtained command --> GoLoginCommand
2023-02-26 18:14:28 TRACE GoLoginCommand:20 - Start tracing GetCommand
2023-02-26 18:14:28 TRACE Controller:31 - Forward address --> WEB-INF/jsp/login.jsp
2023-02-26 18:14:28 DEBUG Controller:32 - Controller finished, now navigation to forward address --> WEB-INF/jsp/login.jsp
2023-02-26 18:14:31 INFO  EncodingFilter:24 - Filter starts
2023-02-26 18:14:31 INFO  EncodingFilter:30 - Filter finished
2023-02-26 18:14:31 TRACE Controller:52 - *****************GET*****************
2023-02-26 18:14:31 DEBUG Controller:58 - Controller starts
2023-02-26 18:14:31 TRACE Controller:61 - Request parameter: command --> goRegisterCommand
2023-02-26 18:14:31 TRACE Controller:64 - Obtained command --> GoRegisterCommand
2023-02-26 18:14:31 TRACE GoRegisterCommand:20 - Start tracing GetCommand
2023-02-26 18:14:31 TRACE Controller:31 - Forward address --> WEB-INF/jsp/register.jsp
2023-02-26 18:14:31 DEBUG Controller:32 - Controller finished, now navigation to forward address --> WEB-INF/jsp/register.jsp
2023-02-26 18:14:35 INFO  EncodingFilter:24 - Filter starts
2023-02-26 18:14:35 INFO  EncodingFilter:30 - Filter finished
2023-02-26 18:14:35 TRACE Controller:47 - *****************POST*****************
2023-02-26 18:14:35 DEBUG Controller:58 - Controller starts
2023-02-26 18:14:35 TRACE Controller:61 - Request parameter: command --> registerCommand
2023-02-26 18:14:35 TRACE Controller:64 - Obtained command --> RegisterCommand
2023-02-26 18:14:35 TRACE RegisterCommand:27 - Start tracing RegisterCommand
2023-02-26 18:14:35 TRACE Controller:38 - Redirect address --> ?command=goRegisterCommand
2023-02-26 18:14:35 DEBUG Controller:39 - Controller finished, now redirect to address --> ?command=goRegisterCommand
2023-02-26 18:14:35 INFO  EncodingFilter:24 - Filter starts
2023-02-26 18:14:35 INFO  EncodingFilter:30 - Filter finished
2023-02-26 18:14:35 TRACE Controller:52 - *****************GET*****************
2023-02-26 18:14:35 DEBUG Controller:58 - Controller starts
2023-02-26 18:14:35 TRACE Controller:61 - Request parameter: command --> goRegisterCommand
2023-02-26 18:14:35 TRACE Controller:64 - Obtained command --> GoRegisterCommand
2023-02-26 18:14:35 TRACE GoRegisterCommand:20 - Start tracing GetCommand
2023-02-26 18:14:35 TRACE Controller:31 - Forward address --> WEB-INF/jsp/register.jsp
2023-02-26 18:14:35 DEBUG Controller:32 - Controller finished, now navigation to forward address --> WEB-INF/jsp/register.jsp
2023-02-26 18:15:19 INFO  EncodingFilter:24 - Filter starts
2023-02-26 18:15:19 INFO  EncodingFilter:30 - Filter finished
2023-02-26 18:15:19 TRACE Controller:47 - *****************POST*****************
2023-02-26 18:15:19 DEBUG Controller:58 - Controller starts
2023-02-26 18:15:19 TRACE Controller:61 - Request parameter: command --> registerCommand
2023-02-26 18:15:19 TRACE Controller:64 - Obtained command --> RegisterCommand
2023-02-26 18:15:19 TRACE RegisterCommand:27 - Start tracing RegisterCommand
2023-02-26 18:15:19 TRACE Controller:38 - Redirect address --> ?command=goRegisterCommand
2023-02-26 18:15:19 DEBUG Controller:39 - Controller finished, now redirect to address --> ?command=goRegisterCommand
2023-02-26 18:15:19 INFO  EncodingFilter:24 - Filter starts
2023-02-26 18:15:19 INFO  EncodingFilter:30 - Filter finished
2023-02-26 18:15:19 TRACE Controller:52 - *****************GET*****************
2023-02-26 18:15:19 DEBUG Controller:58 - Controller starts
2023-02-26 18:15:19 TRACE Controller:61 - Request parameter: command --> goRegisterCommand
2023-02-26 18:15:19 TRACE Controller:64 - Obtained command --> GoRegisterCommand
2023-02-26 18:15:19 TRACE GoRegisterCommand:20 - Start tracing GetCommand
2023-02-26 18:15:19 TRACE Controller:31 - Forward address --> WEB-INF/jsp/register.jsp
2023-02-26 18:15:19 DEBUG Controller:32 - Controller finished, now navigation to forward address --> WEB-INF/jsp/register.jsp
2023-02-26 18:16:35 TRACE EncodingFilter:18 - =========================================================================
2023-02-26 18:16:35 INFO  EncodingFilter:19 - Filter destruction starts
2023-02-26 18:16:35 INFO  EncodingFilter:20 - Filter destruction finished
2023-02-26 18:16:35 DEBUG CommandAccessFilter:24 - Filter destruction starts
2023-02-26 18:16:35 DEBUG CommandAccessFilter:26 - Filter destruction finished
2023-02-26 18:16:35 TRACE ContextListener:30 - Servlet context destruction starts
2023-02-26 18:16:35 TRACE ContextListener:31 - Servlet context destruction finished
2023-02-26 18:16:35 TRACE AppContextListener:49 - Servlet appContext destruction starts
2023-02-26 18:16:35 TRACE AppContextListener:50 - Servlet appContext destruction finished
2023-02-26 18:18:05 DEBUG AppContextListener:57 - Log4j has been initialized
2023-02-26 18:18:05 TRACE AppContextListener:62 - Log4J initialization finished
2023-02-26 18:18:06 TRACE AppContextListener:45 - Servlet appContext initialization finished
2023-02-26 18:18:06 TRACE ContextListener:20 - Servlet context initialization starts
2023-02-26 18:18:06 TRACE ContextListener:35 - Log4J initialization started
2023-02-26 18:18:06 DEBUG ContextListener:38 - Log4j has been initialized
2023-02-26 18:18:06 TRACE ContextListener:43 - Log4J initialization finished
2023-02-26 18:18:06 TRACE ContextListener:26 - Servlet context initialization finished
2023-02-26 18:18:06 INFO  EncodingFilter:35 - Filter initialization starts
2023-02-26 18:18:06 INFO  EncodingFilter:41 - Filter initialization finished
2023-02-26 18:18:06 DEBUG CommandAccessFilter:82 - Filter initialization starts
2023-02-26 18:18:06 TRACE CommandAccessFilter:87 - Access map --> {ROLE_ADMIN=[unblockUserCommand, blockUserCommand, unblockWalletCommand, goWallet-DetailsCommand, goAdmin-User-DetailsCommand, goAdmin-UsersCommand], ROLE_USER=[create-WalletCommand, prepareTransferCommand, sendTransferCommand, cancelTransferCommand, goUser-WalletsCommand, goWallet-DetailsCommand, goUser-Create-WalletCommand, goUser-Prepare-TransferCommand, goUser-Send-TransferCommand]}
2023-02-26 18:18:06 TRACE CommandAccessFilter:91 - Common commands --> [blockWalletCommand, sortTransfersCommand, sortWalletsCommand]
2023-02-26 18:18:06 TRACE CommandAccessFilter:95 - Out of control commands --> [languageCommand, loginCommand, registerCommand, logoutCommand, goRegisterCommand, goLoginCommand]
2023-02-26 18:18:06 DEBUG CommandAccessFilter:97 - Filter initialization finished
2023-02-26 18:18:07 INFO  EncodingFilter:24 - Filter starts
2023-02-26 18:18:07 INFO  EncodingFilter:30 - Filter finished
2023-02-26 18:18:07 TRACE Controller:52 - *****************GET*****************
2023-02-26 18:18:07 DEBUG Controller:58 - Controller starts
2023-02-26 18:18:07 TRACE Controller:61 - Request parameter: command --> goLoginCommand
2023-02-26 18:18:07 DEBUG CommandFactory:60 - Command factory was successfully initialized
2023-02-26 18:18:07 TRACE CommandFactory:61 - Number of commands --> 25
2023-02-26 18:18:07 TRACE Controller:64 - Obtained command --> GoLoginCommand
2023-02-26 18:18:07 TRACE GoLoginCommand:20 - Start tracing GetCommand
2023-02-26 18:18:07 TRACE Controller:31 - Forward address --> WEB-INF/jsp/login.jsp
2023-02-26 18:18:07 DEBUG Controller:32 - Controller finished, now navigation to forward address --> WEB-INF/jsp/login.jsp
2023-02-26 18:18:13 INFO  EncodingFilter:24 - Filter starts
2023-02-26 18:18:13 INFO  EncodingFilter:30 - Filter finished
2023-02-26 18:18:13 TRACE Controller:52 - *****************GET*****************
2023-02-26 18:18:13 DEBUG Controller:58 - Controller starts
2023-02-26 18:18:13 TRACE Controller:61 - Request parameter: command --> goLoginCommand
2023-02-26 18:18:13 TRACE Controller:64 - Obtained command --> GoLoginCommand
2023-02-26 18:18:13 TRACE GoLoginCommand:20 - Start tracing GetCommand
2023-02-26 18:18:13 TRACE Controller:31 - Forward address --> WEB-INF/jsp/login.jsp
2023-02-26 18:18:13 DEBUG Controller:32 - Controller finished, now navigation to forward address --> WEB-INF/jsp/login.jsp
2023-02-26 18:18:16 INFO  EncodingFilter:24 - Filter starts
2023-02-26 18:18:16 INFO  EncodingFilter:30 - Filter finished
2023-02-26 18:18:16 TRACE Controller:52 - *****************GET*****************
2023-02-26 18:18:16 DEBUG Controller:58 - Controller starts
2023-02-26 18:18:16 TRACE Controller:61 - Request parameter: command --> goRegisterCommand
2023-02-26 18:18:16 TRACE Controller:64 - Obtained command --> GoRegisterCommand
2023-02-26 18:18:16 TRACE GoRegisterCommand:20 - Start tracing GetCommand
2023-02-26 18:18:16 TRACE Controller:31 - Forward address --> WEB-INF/jsp/register.jsp
2023-02-26 18:18:16 DEBUG Controller:32 - Controller finished, now navigation to forward address --> WEB-INF/jsp/register.jsp
2023-02-26 18:18:22 INFO  EncodingFilter:24 - Filter starts
2023-02-26 18:18:22 INFO  EncodingFilter:30 - Filter finished
2023-02-26 18:18:22 TRACE Controller:47 - *****************POST*****************
2023-02-26 18:18:22 DEBUG Controller:58 - Controller starts
2023-02-26 18:18:22 TRACE Controller:61 - Request parameter: command --> registerCommand
2023-02-26 18:18:22 TRACE Controller:64 - Obtained command --> RegisterCommand
2023-02-26 18:18:22 TRACE RegisterCommand:27 - Start tracing RegisterCommand
2023-02-26 18:18:22 TRACE Controller:38 - Redirect address --> ?command=goRegisterCommand
2023-02-26 18:18:22 DEBUG Controller:39 - Controller finished, now redirect to address --> ?command=goRegisterCommand
2023-02-26 18:18:22 INFO  EncodingFilter:24 - Filter starts
2023-02-26 18:18:22 INFO  EncodingFilter:30 - Filter finished
2023-02-26 18:18:22 TRACE Controller:52 - *****************GET*****************
2023-02-26 18:18:22 DEBUG Controller:58 - Controller starts
2023-02-26 18:18:22 TRACE Controller:61 - Request parameter: command --> goRegisterCommand
2023-02-26 18:18:22 TRACE Controller:64 - Obtained command --> GoRegisterCommand
2023-02-26 18:18:22 TRACE GoRegisterCommand:20 - Start tracing GetCommand
2023-02-26 18:18:22 TRACE Controller:31 - Forward address --> WEB-INF/jsp/register.jsp
2023-02-26 18:18:22 DEBUG Controller:32 - Controller finished, now navigation to forward address --> WEB-INF/jsp/register.jsp
2023-02-26 18:18:36 INFO  EncodingFilter:24 - Filter starts
2023-02-26 18:18:36 INFO  EncodingFilter:30 - Filter finished
2023-02-26 18:18:36 TRACE Controller:47 - *****************POST*****************
2023-02-26 18:18:36 DEBUG Controller:58 - Controller starts
2023-02-26 18:18:36 TRACE Controller:61 - Request parameter: command --> registerCommand
2023-02-26 18:18:36 TRACE Controller:64 - Obtained command --> RegisterCommand
2023-02-26 18:18:36 TRACE RegisterCommand:27 - Start tracing RegisterCommand
2023-02-26 18:18:36 TRACE Controller:38 - Redirect address --> ?command=goRegisterCommand
2023-02-26 18:18:36 DEBUG Controller:39 - Controller finished, now redirect to address --> ?command=goRegisterCommand
2023-02-26 18:18:36 INFO  EncodingFilter:24 - Filter starts
2023-02-26 18:18:36 INFO  EncodingFilter:30 - Filter finished
2023-02-26 18:18:36 TRACE Controller:52 - *****************GET*****************
2023-02-26 18:18:36 DEBUG Controller:58 - Controller starts
2023-02-26 18:18:36 TRACE Controller:61 - Request parameter: command --> goRegisterCommand
2023-02-26 18:18:36 TRACE Controller:64 - Obtained command --> GoRegisterCommand
2023-02-26 18:18:36 TRACE GoRegisterCommand:20 - Start tracing GetCommand
2023-02-26 18:18:36 TRACE Controller:31 - Forward address --> WEB-INF/jsp/register.jsp
2023-02-26 18:18:36 DEBUG Controller:32 - Controller finished, now navigation to forward address --> WEB-INF/jsp/register.jsp
2023-02-26 18:18:39 INFO  EncodingFilter:24 - Filter starts
2023-02-26 18:18:39 INFO  EncodingFilter:30 - Filter finished
2023-02-26 18:18:39 TRACE Controller:47 - *****************POST*****************
2023-02-26 18:18:39 DEBUG Controller:58 - Controller starts
2023-02-26 18:18:39 TRACE Controller:61 - Request parameter: command --> registerCommand
2023-02-26 18:18:39 TRACE Controller:64 - Obtained command --> RegisterCommand
2023-02-26 18:18:39 TRACE RegisterCommand:27 - Start tracing RegisterCommand
2023-02-26 18:18:39 TRACE Controller:38 - Redirect address --> ?command=goRegisterCommand
2023-02-26 18:18:39 DEBUG Controller:39 - Controller finished, now redirect to address --> ?command=goRegisterCommand
2023-02-26 18:18:39 INFO  EncodingFilter:24 - Filter starts
2023-02-26 18:18:39 INFO  EncodingFilter:30 - Filter finished
2023-02-26 18:18:39 TRACE Controller:52 - *****************GET*****************
2023-02-26 18:18:39 DEBUG Controller:58 - Controller starts
2023-02-26 18:18:39 TRACE Controller:61 - Request parameter: command --> goRegisterCommand
2023-02-26 18:18:39 TRACE Controller:64 - Obtained command --> GoRegisterCommand
2023-02-26 18:18:39 TRACE GoRegisterCommand:20 - Start tracing GetCommand
2023-02-26 18:18:39 TRACE Controller:31 - Forward address --> WEB-INF/jsp/register.jsp
2023-02-26 18:18:39 DEBUG Controller:32 - Controller finished, now navigation to forward address --> WEB-INF/jsp/register.jsp
2023-02-26 18:19:38 TRACE EncodingFilter:18 - =========================================================================
2023-02-26 18:19:38 INFO  EncodingFilter:19 - Filter destruction starts
2023-02-26 18:19:38 INFO  EncodingFilter:20 - Filter destruction finished
2023-02-26 18:19:38 DEBUG CommandAccessFilter:24 - Filter destruction starts
2023-02-26 18:19:38 DEBUG CommandAccessFilter:26 - Filter destruction finished
2023-02-26 18:19:38 TRACE ContextListener:30 - Servlet context destruction starts
2023-02-26 18:19:38 TRACE ContextListener:31 - Servlet context destruction finished
2023-02-26 18:19:38 TRACE AppContextListener:49 - Servlet appContext destruction starts
2023-02-26 18:19:38 TRACE AppContextListener:50 - Servlet appContext destruction finished
